Final HyperGarageSale/build/app/intermediates/manifest_merge_blame_file/debug/manifest-merger-blame-debug-report.txt
1<?xml version="1.0" encoding="utf-8"?>
2<manifest xmlns:android="http://schemas.android.com/apk/res/android"
3    package="com.example.final_project"
4    android:versionCode="1"
5    android:versionName="1.0.0" >
6
7    <uses-sdk
8        android:minSdkVersion="21"
9        android:targetSdkVersion="28" />
10    <!--
11         Flutter needs it to communicate with the running application
12         to allow setting breakpoints, to provide hot reload, etc.
13    -->
14    <uses-permission android:name="android.permission.INTERNET" />
14-->src/debug/AndroidManifest.xml:6:5-66
14-->src/debug/AndroidManifest.xml:6:22-64
15    <uses-permission android:name="android.permission.READ_EXTERNAL_STORAGE" />
15-->[:image_picker] AndroidManifest.xml:7:5-80
15-->[:image_picker] AndroidManifest.xml:7:22-77
16    <uses-permission android:name="android.permission.WRITE_EXTERNAL_STORAGE" />
16-->[:image_picker] AndroidManifest.xml:8:5-81
16-->[:image_picker] AndroidManifest.xml:8:22-78
17    <uses-permission android:name="android.permission.ACCESS_NETWORK_STATE" />
17-->[:firebase_analytics] AndroidManifest.xml:7:5-79
17-->[:firebase_analytics] AndroidManifest.xml:7:22-76
18    <uses-permission android:name="android.permission.WAKE_LOCK" />
18-->[:firebase_analytics] AndroidManifest.xml:9:5-68
18-->[:firebase_analytics] AndroidManifest.xml:9:22-65
19    <uses-permission android:name="android.permission.CAMERA" />
19-->[:camera] AndroidManifest.xml:7:5-65
19-->[:camera] AndroidManifest.xml:7:22-62
20    <uses-permission android:name="android.permission.RECORD_AUDIO" />
20-->[:camera] AndroidManifest.xml:8:5-71
20-->[:camera] AndroidManifest.xml:8:22-68
21    <uses-permission android:name="com.google.android.finsky.permission.BIND_GET_INSTALL_REFERRER_SERVICE" /> <!-- Required by older versions of Google Play services to create IID tokens -->
21-->[com.google.android.gms:play-services-measurement:17.3.0] AndroidManifest.xml:26:5-110
21-->[com.google.android.gms:play-services-measurement:17.3.0] AndroidManifest.xml:26:22-107
22    <uses-permission android:name="com.google.android.c2dm.permission.RECEIVE" />
22-->[com.google.firebase:firebase-iid:20.0.2] AndroidManifest.xml:26:5-82
22-->[com.google.firebase:firebase-iid:20.0.2] AndroidManifest.xml:26:22-79
23    <!--
24 io.flutter.app.FlutterApplication is an android.app.Application that
25         calls FlutterMain.startInitialization(this); in its onCreate method.
26         In most cases you can leave this as-is, but you if you want to provide
27         additional functionality it is fine to subclass or reimplement
28         FlutterApplication and put your custom class here.
29    -->
30    <application
30-->src/main/AndroidManifest.xml:8:5-46:19
31        android:name="io.flutter.app.FlutterApplication"
31-->src/main/AndroidManifest.xml:9:9-57
32        android:appComponentFactory="androidx.core.app.CoreComponentFactory"
32-->[androidx.core:core:1.1.0] AndroidManifest.xml:24:18-86
33        android:debuggable="true"
34        android:icon="@mipmap/ic_launcher"
34-->src/main/AndroidManifest.xml:11:9-43
35        android:label="final_project" >
35-->src/main/AndroidManifest.xml:10:9-38
36        <activity
36-->src/main/AndroidManifest.xml:12:9-40:20
37            android:name="com.example.final_project.MainActivity"
37-->src/main/AndroidManifest.xml:13:13-41
38            android:configChanges="orientation|keyboardHidden|keyboard|screenSize|smallestScreenSize|locale|layoutDirection|fontScale|screenLayout|density|uiMode"
38-->src/main/AndroidManifest.xml:16:13-163
39            android:hardwareAccelerated="true"
39-->src/main/AndroidManifest.xml:17:13-47
40            android:launchMode="singleTop"
40-->src/main/AndroidManifest.xml:14:13-43
41            android:theme="@style/LaunchTheme"
41-->src/main/AndroidManifest.xml:15:13-47
42            android:windowSoftInputMode="adjustResize" >
42-->src/main/AndroidManifest.xml:18:13-55
43
44            <!--
45                 Specifies an Android theme to apply to this Activity as soon as
46                 the Android process has started. This theme is visible to the user
47                 while the Flutter UI initializes. After that, this theme continues
48                 to determine the Window background behind the Flutter UI.
49            -->
50            <meta-data
50-->src/main/AndroidManifest.xml:23:13-26:17
51                android:name="io.flutter.embedding.android.NormalTheme"
51-->src/main/AndroidManifest.xml:24:15-70
52                android:resource="@style/NormalTheme" />
52-->src/main/AndroidManifest.xml:25:15-52
53            <!--
54                 Displays an Android View that continues showing the launch screen
55                 Drawable until Flutter paints its first frame, then this splash
56                 screen fades out. A splash screen is useful to avoid any visual
57                 gap between the end of Android's launch screen and the painting of
58                 Flutter's first frame.
59            -->
60            <meta-data
60-->src/main/AndroidManifest.xml:32:13-35:17
61                android:name="io.flutter.embedding.android.SplashScreenDrawable"
61-->src/main/AndroidManifest.xml:33:15-79
62                android:resource="@drawable/launch_background" />
62-->src/main/AndroidManifest.xml:34:15-61
63
64            <intent-filter>
64-->src/main/AndroidManifest.xml:36:13-39:29
65                <action android:name="android.intent.action.MAIN" />
65-->src/main/AndroidManifest.xml:37:17-68
65-->src/main/AndroidManifest.xml:37:25-66
66
67                <category android:name="android.intent.category.LAUNCHER" />
67-->src/main/AndroidManifest.xml:38:17-76
67-->src/main/AndroidManifest.xml:38:27-74
68            </intent-filter>
69        </activity>
70        <!--
71             Don't delete the meta-data below.
72             This is used by the Flutter tool to generate GeneratedPluginRegistrant.java
73        -->
74        <meta-data
74-->src/main/AndroidManifest.xml:43:9-45:33
75            android:name="flutterEmbedding"
75-->src/main/AndroidManifest.xml:44:13-44
76            android:value="2" />
76-->src/main/AndroidManifest.xml:45:13-30
77
78        <service
78-->[:firebase_storage] AndroidManifest.xml:8:9-12:19
79            android:name="com.google.firebase.components.ComponentDiscoveryService"
79-->[:firebase_storage] AndroidManifest.xml:8:18-89
80            android:directBootAware="true"
80-->[com.google.firebase:firebase-common:19.3.0] AndroidManifest.xml:34:13-43
81            android:exported="false" >
81-->[com.google.firebase:firebase-auth:19.2.0] AndroidManifest.xml:35:13-37
82            <meta-data
82-->[:firebase_storage] AndroidManifest.xml:9:13-11:85
83                android:name="com.google.firebase.components:io.flutter.plugins.firebase.storage.FlutterFirebaseAppRegistrar"
83-->[:firebase_storage] AndroidManifest.xml:10:17-126
84                android:value="com.google.firebase.components.ComponentRegistrar" />
84-->[:firebase_storage] AndroidManifest.xml:11:17-82
85            <meta-data
85-->[:firebase_auth] AndroidManifest.xml:9:13-11:85
86                android:name="com.google.firebase.components:io.flutter.plugins.firebaseauth.FlutterFirebaseAppRegistrar"
86-->[:firebase_auth] AndroidManifest.xml:10:17-122
87                android:value="com.google.firebase.components.ComponentRegistrar" />
87-->[:firebase_auth] AndroidManifest.xml:11:17-82
88            <meta-data
88-->[:cloud_firestore] AndroidManifest.xml:9:13-11:85
89                android:name="com.google.firebase.components:io.flutter.plugins.firebase.cloudfirestore.FlutterFirebaseAppRegistrar"
89-->[:cloud_firestore] AndroidManifest.xml:10:17-133
90                android:value="com.google.firebase.components.ComponentRegistrar" />
90-->[:cloud_firestore] AndroidManifest.xml:11:17-82
91            <meta-data
91-->[:firebase_core] AndroidManifest.xml:9:13-11:85
92                android:name="com.google.firebase.components:io.flutter.plugins.firebase.core.FlutterFirebaseAppRegistrar"
92-->[:firebase_core] AndroidManifest.xml:10:17-123
93                android:value="com.google.firebase.components.ComponentRegistrar" />
93-->[:firebase_core] AndroidManifest.xml:11:17-82
94            <meta-data
94-->[com.google.firebase:firebase-auth:19.2.0] AndroidManifest.xml:36:13-38:85
95                android:name="com.google.firebase.components:com.google.firebase.auth.FirebaseAuthRegistrar"
95-->[com.google.firebase:firebase-auth:19.2.0] AndroidManifest.xml:37:17-109
96                android:value="com.google.firebase.components.ComponentRegistrar" />
96-->[com.google.firebase:firebase-auth:19.2.0] AndroidManifest.xml:38:17-82
97            <meta-data
97-->[com.google.android.gms:play-services-measurement-api:17.3.0] AndroidManifest.xml:30:13-32:85
98                android:name="com.google.firebase.components:com.google.firebase.analytics.connector.internal.AnalyticsConnectorRegistrar"
98-->[com.google.android.gms:play-services-measurement-api:17.3.0] AndroidManifest.xml:31:17-139
99                android:value="com.google.firebase.components.ComponentRegistrar" />
99-->[com.google.android.gms:play-services-measurement-api:17.3.0] AndroidManifest.xml:32:17-82
100            <meta-data
100-->[com.google.firebase:firebase-dynamic-links:16.1.8] AndroidManifest.xml:9:13-11:85
101                android:name="com.google.firebase.components:com.google.firebase.dynamiclinks.internal.FirebaseDynamicLinkRegistrar"
101-->[com.google.firebase:firebase-dynamic-links:16.1.8] AndroidManifest.xml:10:17-133
102                android:value="com.google.firebase.components.ComponentRegistrar" />
102-->[com.google.firebase:firebase-dynamic-links:16.1.8] AndroidManifest.xml:11:17-82
103            <meta-data
103-->[com.google.firebase:firebase-storage:17.0.0] AndroidManifest.xml:31:13-33:85
104                android:name="com.google.firebase.components:com.google.firebase.storage.StorageRegistrar"
104-->[com.google.firebase:firebase-storage:17.0.0] AndroidManifest.xml:32:17-107
105                android:value="com.google.firebase.components.ComponentRegistrar" />
105-->[com.google.firebase:firebase-storage:17.0.0] AndroidManifest.xml:33:17-82
106            <meta-data
106-->[com.google.firebase:firebase-firestore:21.3.0] AndroidManifest.xml:20:13-22:85
107                android:name="com.google.firebase.components:com.google.firebase.firestore.FirestoreRegistrar"
107-->[com.google.firebase:firebase-firestore:21.3.0] AndroidManifest.xml:21:17-111
108                android:value="com.google.firebase.components.ComponentRegistrar" />
108-->[com.google.firebase:firebase-firestore:21.3.0] AndroidManifest.xml:22:17-82
109            <meta-data
109-->[com.google.firebase:firebase-iid:20.0.2] AndroidManifest.xml:32:13-34:85
110                android:name="com.google.firebase.components:com.google.firebase.iid.Registrar"
110-->[com.google.firebase:firebase-iid:20.0.2] AndroidManifest.xml:33:17-96
111                android:value="com.google.firebase.components.ComponentRegistrar" />
111-->[com.google.firebase:firebase-iid:20.0.2] AndroidManifest.xml:34:17-82
112        </service>
113
114        <provider
114-->[:image_picker] AndroidManifest.xml:11:9-19:20
115            android:name="io.flutter.plugins.imagepicker.ImagePickerFileProvider"
115-->[:image_picker] AndroidManifest.xml:12:13-82
116            android:authorities="com.example.final_project.flutter.image_provider"
116-->[:image_picker] AndroidManifest.xml:13:13-74
117            android:exported="false"
117-->[:image_picker] AndroidManifest.xml:14:13-37
118            android:grantUriPermissions="true" >
118-->[:image_picker] AndroidManifest.xml:15:13-47
119            <meta-data
119-->[:image_picker] AndroidManifest.xml:16:13-18:75
120                android:name="android.support.FILE_PROVIDER_PATHS"
120-->[:image_picker] AndroidManifest.xml:17:17-67
121                android:resource="@xml/flutter_image_picker_file_paths" />
121-->[:image_picker] AndroidManifest.xml:18:17-72
122        </provider>
123
124        <activity
124-->[com.google.firebase:firebase-auth:19.2.0] AndroidManifest.xml:24:9-31:50
125            android:name="com.google.firebase.auth.internal.FederatedSignInActivity"
125-->[com.google.firebase:firebase-auth:19.2.0] AndroidManifest.xml:25:13-85
126            android:excludeFromRecents="true"
126-->[com.google.firebase:firebase-auth:19.2.0] AndroidManifest.xml:26:13-46
127            android:exported="true"
127-->[com.google.firebase:firebase-auth:19.2.0] AndroidManifest.xml:27:13-36
128            android:launchMode="singleTask"
128-->[com.google.firebase:firebase-auth:19.2.0] AndroidManifest.xml:28:13-44
129            android:permission="com.google.firebase.auth.api.gms.permission.LAUNCH_FEDERATED_SIGN_IN"
129-->[com.google.firebase:firebase-auth:19.2.0] AndroidManifest.xml:29:13-102
130            android:theme="@android:style/Theme.Translucent.NoTitleBar" />
130-->[com.google.firebase:firebase-auth:19.2.0] AndroidManifest.xml:30:13-72
131
132        <receiver
132-->[com.google.android.gms:play-services-measurement:17.3.0] AndroidManifest.xml:29:9-33:20
133            android:name="com.google.android.gms.measurement.AppMeasurementReceiver"
133-->[com.google.android.gms:play-services-measurement:17.3.0] AndroidManifest.xml:30:13-85
134            android:enabled="true"
134-->[com.google.android.gms:play-services-measurement:17.3.0] AndroidManifest.xml:31:13-35
135            android:exported="false" >
135-->[com.google.android.gms:play-services-measurement:17.3.0] AndroidManifest.xml:32:13-37
136        </receiver>
137        <receiver
137-->[com.google.android.gms:play-services-measurement:17.3.0] AndroidManifest.xml:34:9-42:20
138            android:name="com.google.android.gms.measurement.AppMeasurementInstallReferrerReceiver"
138-->[com.google.android.gms:play-services-measurement:17.3.0] AndroidManifest.xml:35:13-100
139            android:enabled="true"
139-->[com.google.android.gms:play-services-measurement:17.3.0] AndroidManifest.xml:36:13-35
140            android:exported="true"
140-->[com.google.android.gms:play-services-measurement:17.3.0] AndroidManifest.xml:37:13-36
141            android:permission="android.permission.INSTALL_PACKAGES" >
141-->[com.google.android.gms:play-services-measurement:17.3.0] AndroidManifest.xml:38:13-69
142            <intent-filter>
142-->[com.google.android.gms:play-services-measurement:17.3.0] AndroidManifest.xml:39:13-41:29
143                <action android:name="com.android.vending.INSTALL_REFERRER" />
143-->[com.google.android.gms:play-services-measurement:17.3.0] AndroidManifest.xml:40:17-79
143-->[com.google.android.gms:play-services-measurement:17.3.0] AndroidManifest.xml:40:25-76
144            </intent-filter>
145        </receiver>
146
147        <service
147-->[com.google.android.gms:play-services-measurement:17.3.0] AndroidManifest.xml:44:9-47:40
148            android:name="com.google.android.gms.measurement.AppMeasurementService"
148-->[com.google.android.gms:play-services-measurement:17.3.0] AndroidManifest.xml:45:13-84
149            android:enabled="true"
149-->[com.google.android.gms:play-services-measurement:17.3.0] AndroidManifest.xml:46:13-35
150            android:exported="false" />
150-->[com.google.android.gms:play-services-measurement:17.3.0] AndroidManifest.xml:47:13-37
151        <service
151-->[com.google.android.gms:play-services-measurement:17.3.0] AndroidManifest.xml:48:9-52:72
152            android:name="com.google.android.gms.measurement.AppMeasurementJobService"
152-->[com.google.android.gms:play-services-measurement:17.3.0] AndroidManifest.xml:49:13-87
153            android:enabled="true"
153-->[com.google.android.gms:play-services-measurement:17.3.0] AndroidManifest.xml:50:13-35
154            android:exported="false"
154-->[com.google.android.gms:play-services-measurement:17.3.0] AndroidManifest.xml:51:13-37
155            android:permission="android.permission.BIND_JOB_SERVICE" />
155-->[com.google.android.gms:play-services-measurement:17.3.0] AndroidManifest.xml:52:13-69
156
157        <activity
157-->[com.google.android.gms:play-services-auth:16.0.1] AndroidManifest.xml:23:9-27:75
158            android:name="com.google.android.gms.auth.api.signin.internal.SignInHubActivity"
158-->[com.google.android.gms:play-services-auth:16.0.1] AndroidManifest.xml:24:13-93
159            android:excludeFromRecents="true"
159-->[com.google.android.gms:play-services-auth:16.0.1] AndroidManifest.xml:25:13-46
160            android:exported="false"
160-->[com.google.android.gms:play-services-auth:16.0.1] AndroidManifest.xml:26:13-37
161            android:theme="@android:style/Theme.Translucent.NoTitleBar" />
161-->[com.google.android.gms:play-services-auth:16.0.1] AndroidManifest.xml:27:13-72
162        <!--
163            Service handling Google Sign-In user revocation. For apps that do not integrate with
164            Google Sign-In, this service will never be started.
165        -->
166        <service
166-->[com.google.android.gms:play-services-auth:16.0.1] AndroidManifest.xml:33:9-36:110
167            android:name="com.google.android.gms.auth.api.signin.RevocationBoundService"
167-->[com.google.android.gms:play-services-auth:16.0.1] AndroidManifest.xml:34:13-89
168            android:exported="true"
168-->[com.google.android.gms:play-services-auth:16.0.1] AndroidManifest.xml:35:13-36
169            android:permission="com.google.android.gms.auth.api.signin.permission.REVOCATION_NOTIFICATION" />
169-->[com.google.android.gms:play-services-auth:16.0.1] AndroidManifest.xml:36:13-107
170
171        <receiver
171-->[com.google.firebase:firebase-iid:20.0.2] AndroidManifest.xml:37:9-44:20
172            android:name="com.google.firebase.iid.FirebaseInstanceIdReceiver"
172-->[com.google.firebase:firebase-iid:20.0.2] AndroidManifest.xml:38:13-78
173            android:exported="true"
173-->[com.google.firebase:firebase-iid:20.0.2] AndroidManifest.xml:39:13-36
174            android:permission="com.google.android.c2dm.permission.SEND" >
174-->[com.google.firebase:firebase-iid:20.0.2] AndroidManifest.xml:40:13-73
175            <intent-filter>
175-->[com.google.firebase:firebase-iid:20.0.2] AndroidManifest.xml:41:13-43:29
176                <action android:name="com.google.android.c2dm.intent.RECEIVE" />
176-->[com.google.firebase:firebase-iid:20.0.2] AndroidManifest.xml:42:17-81
176-->[com.google.firebase:firebase-iid:20.0.2] AndroidManifest.xml:42:25-78
177            </intent-filter>
178        </receiver>
179
180        <provider
180-->[com.google.firebase:firebase-common:19.3.0] AndroidManifest.xml:26:9-30:39
181            android:name="com.google.firebase.provider.FirebaseInitProvider"
181-->[com.google.firebase:firebase-common:19.3.0] AndroidManifest.xml:27:13-77
182            android:authorities="com.example.final_project.firebaseinitprovider"
182-->[com.google.firebase:firebase-common:19.3.0] AndroidManifest.xml:28:13-72
183            android:exported="false"
183-->[com.google.firebase:firebase-common:19.3.0] AndroidManifest.xml:29:13-37
184            android:initOrder="100" />
184-->[com.google.firebase:firebase-common:19.3.0] AndroidManifest.xml:30:13-36
185
186        <activity
186-->[com.google.android.gms:play-services-base:17.1.0] AndroidManifest.xml:23:9-26:75
187            android:name="com.google.android.gms.common.api.GoogleApiActivity"
187-->[com.google.android.gms:play-services-base:17.1.0] AndroidManifest.xml:24:13-79
188            android:exported="false"
188-->[com.google.android.gms:play-services-base:17.1.0] AndroidManifest.xml:25:13-37
189            android:theme="@android:style/Theme.Translucent.NoTitleBar" />
189-->[com.google.android.gms:play-services-base:17.1.0] AndroidManifest.xml:26:13-72
190
191        <meta-data
191-->[com.google.android.gms:play-services-basement:17.0.0] AndroidManifest.xml:23:9-25:69
192            android:name="com.google.android.gms.version"
192-->[com.google.android.gms:play-services-basement:17.0.0] AndroidManifest.xml:24:13-58
193            android:value="@integer/google_play_services_version" />
193-->[com.google.android.gms:play-services-basement:17.0.0] AndroidManifest.xml:25:13-66
194    </application>
195
196</manifest>